{"C:\\Users\\centa\\OneDrive\\Documentos\\projects\\book-delivery\\server\\src\\presentation\\controllers\\signup.controller.ts": {"path":"C:\\Users\\centa\\OneDrive\\Documentos\\projects\\book-delivery\\server\\src\\presentation\\controllers\\signup.controller.ts","all":false,"statementMap":{"0":{"start":{"line":1,"column":0},"end":{"line":1,"column":66}},"1":{"start":{"line":2,"column":0},"end":{"line":2,"column":51}},"2":{"start":{"line":3,"column":0},"end":{"line":3,"column":61}},"3":{"start":{"line":4,"column":0},"end":{"line":4,"column":52}},"4":{"start":{"line":5,"column":0},"end":{"line":5,"column":0}},"5":{"start":{"line":6,"column":0},"end":{"line":6,"column":53}},"6":{"start":{"line":7,"column":0},"end":{"line":7,"column":57}},"7":{"start":{"line":8,"column":0},"end":{"line":8,"column":33}},"8":{"start":{"line":9,"column":0},"end":{"line":9,"column":54}},"9":{"start":{"line":10,"column":0},"end":{"line":10,"column":5}},"10":{"start":{"line":11,"column":0},"end":{"line":11,"column":34}},"11":{"start":{"line":12,"column":0},"end":{"line":12,"column":55}},"12":{"start":{"line":13,"column":0},"end":{"line":13,"column":5}},"13":{"start":{"line":14,"column":0},"end":{"line":14,"column":37}},"14":{"start":{"line":15,"column":0},"end":{"line":15,"column":58}},"15":{"start":{"line":16,"column":0},"end":{"line":16,"column":5}},"16":{"start":{"line":17,"column":0},"end":{"line":17,"column":49}},"17":{"start":{"line":18,"column":0},"end":{"line":18,"column":70}},"18":{"start":{"line":19,"column":0},"end":{"line":19,"column":5}},"19":{"start":{"line":20,"column":0},"end":{"line":20,"column":3}},"20":{"start":{"line":21,"column":0},"end":{"line":21,"column":1}}},"s":{"0":1,"1":1,"2":1,"3":1,"4":1,"5":1,"6":1,"7":4,"8":1,"9":1,"10":4,"11":1,"12":1,"13":4,"14":1,"15":1,"16":1,"17":1,"18":1,"19":4,"20":1},"branchMap":{"0":{"type":"branch","line":6,"loc":{"start":{"line":6,"column":13},"end":{"line":6,"column":53}},"locations":[{"start":{"line":6,"column":13},"end":{"line":6,"column":53}}]},"1":{"type":"branch","line":7,"loc":{"start":{"line":7,"column":2},"end":{"line":20,"column":3}},"locations":[{"start":{"line":7,"column":2},"end":{"line":20,"column":3}}]},"2":{"type":"branch","line":8,"loc":{"start":{"line":8,"column":32},"end":{"line":10,"column":5}},"locations":[{"start":{"line":8,"column":32},"end":{"line":10,"column":5}}]},"3":{"type":"branch","line":11,"loc":{"start":{"line":11,"column":-2},"end":{"line":11,"column":33}},"locations":[{"start":{"line":11,"column":-2},"end":{"line":11,"column":33}}]},"4":{"type":"branch","line":11,"loc":{"start":{"line":11,"column":33},"end":{"line":13,"column":5}},"locations":[{"start":{"line":11,"column":33},"end":{"line":13,"column":5}}]},"5":{"type":"branch","line":14,"loc":{"start":{"line":14,"column":-2},"end":{"line":14,"column":36}},"locations":[{"start":{"line":14,"column":-2},"end":{"line":14,"column":36}}]},"6":{"type":"branch","line":14,"loc":{"start":{"line":14,"column":36},"end":{"line":19,"column":5}},"locations":[{"start":{"line":14,"column":36},"end":{"line":19,"column":5}}]}},"b":{"0":[4],"1":[4],"2":[1],"3":[3],"4":[1],"5":[2],"6":[1]},"fnMap":{"0":{"name":"get","decl":{"start":{"line":6,"column":13},"end":{"line":6,"column":53}},"loc":{"start":{"line":6,"column":13},"end":{"line":6,"column":53}},"line":6},"1":{"name":"handleSignUp","decl":{"start":{"line":7,"column":2},"end":{"line":20,"column":3}},"loc":{"start":{"line":7,"column":2},"end":{"line":20,"column":3}},"line":7}},"f":{"0":4,"1":4}}
,"C:\\Users\\centa\\OneDrive\\Documentos\\projects\\book-delivery\\server\\src\\presentation\\errors\\missing-params-error.ts": {"path":"C:\\Users\\centa\\OneDrive\\Documentos\\projects\\book-delivery\\server\\src\\presentation\\errors\\missing-params-error.ts","all":false,"statementMap":{"0":{"start":{"line":1,"column":0},"end":{"line":1,"column":0}},"1":{"start":{"line":2,"column":0},"end":{"line":2,"column":46}},"2":{"start":{"line":3,"column":0},"end":{"line":3,"column":35}},"3":{"start":{"line":4,"column":0},"end":{"line":4,"column":37}},"4":{"start":{"line":5,"column":0},"end":{"line":5,"column":35}},"5":{"start":{"line":6,"column":0},"end":{"line":6,"column":3}},"6":{"start":{"line":7,"column":0},"end":{"line":7,"column":1}}},"s":{"0":1,"1":1,"2":1,"3":8,"4":8,"5":8,"6":1},"branchMap":{"0":{"type":"branch","line":2,"loc":{"start":{"line":2,"column":13},"end":{"line":2,"column":39}},"locations":[{"start":{"line":2,"column":13},"end":{"line":2,"column":39}}]},"1":{"type":"branch","line":3,"loc":{"start":{"line":3,"column":2},"end":{"line":6,"column":3}},"locations":[{"start":{"line":3,"column":2},"end":{"line":6,"column":3}}]}},"b":{"0":[8],"1":[8]},"fnMap":{"0":{"name":"get","decl":{"start":{"line":2,"column":13},"end":{"line":2,"column":39}},"loc":{"start":{"line":2,"column":13},"end":{"line":2,"column":39}},"line":2},"1":{"name":"MissingParamError","decl":{"start":{"line":3,"column":2},"end":{"line":6,"column":3}},"loc":{"start":{"line":3,"column":2},"end":{"line":6,"column":3}},"line":3}},"f":{"0":8,"1":8}}
}
