TN:
SF:src\presentation\controllers\signup.controller.ts
FN:6,get
FN:7,handleSignUp
FNF:2
FNH:2
FNDA:4,get
FNDA:4,handleSignUp
DA:1,1
DA:2,1
DA:3,1
DA:4,1
DA:5,1
DA:6,1
DA:7,1
DA:8,4
DA:9,1
DA:10,1
DA:11,4
DA:12,1
DA:13,1
DA:14,4
DA:15,1
DA:16,1
DA:17,1
DA:18,1
DA:19,1
DA:20,4
DA:21,1
LF:21
LH:21
BRDA:6,0,0,4
BRDA:7,1,0,4
BRDA:8,2,0,1
BRDA:11,3,0,3
BRDA:11,4,0,1
BRDA:14,5,0,2
BRDA:14,6,0,1
BRF:7
BRH:7
end_of_record
TN:
SF:src\presentation\protocols\controller.ts
FN:1,(empty-report)
FNF:1
FNH:0
FNDA:0,(empty-report)
DA:1,0
DA:2,0
DA:3,0
DA:4,0
DA:5,0
LF:5
LH:0
BRDA:1,0,0,0
BRF:1
BRH:0
end_of_record
