TN:
SF:src\presentation\controllers\signup.controller.ts
FN:7,get
FN:13,handleSignUp
FN:9,SignUpController
FNF:3
FNH:3
FNDA:6,get
FNDA:6,handleSignUp
FNDA:6,SignUpController
DA:1,1
DA:2,1
DA:3,1
DA:4,1
DA:5,1
DA:6,1
DA:7,1
DA:8,1
DA:9,1
DA:10,6
DA:11,6
DA:12,1
DA:13,1
DA:14,6
DA:15,1
DA:16,1
DA:17,6
DA:18,1
DA:19,1
DA:20,6
DA:21,1
DA:22,1
DA:23,6
DA:24,1
DA:25,1
DA:26,2
DA:27,2
DA:28,6
DA:29,1
DA:30,1
DA:31,6
DA:32,1
LF:32
LH:32
BRDA:7,0,0,6
BRDA:13,1,0,6
BRDA:14,2,0,1
BRDA:17,3,0,5
BRDA:17,4,0,1
BRDA:20,5,0,4
BRDA:20,6,0,1
BRDA:23,7,0,3
BRDA:23,8,0,1
BRDA:26,9,0,2
BRDA:28,10,0,1
BRDA:9,11,0,6
BRF:12
BRH:12
end_of_record
TN:
SF:src\presentation\errors\missing-params-error.ts
FN:3,MissingParamError
FN:10,InvalidParamError
FNF:2
FNH:2
FNDA:8,MissingParamError
FNDA:2,InvalidParamError
DA:1,1
DA:2,1
DA:3,1
DA:4,8
DA:5,8
DA:6,8
DA:7,1
DA:8,1
DA:9,1
DA:10,1
DA:11,2
DA:12,2
DA:13,2
DA:14,1
LF:14
LH:14
BRDA:3,0,0,8
BRDA:10,1,0,2
BRF:2
BRH:2
end_of_record
TN:
SF:src\presentation\protocols\email-validator.ts
FN:1,(empty-report)
FNF:1
FNH:0
FNDA:0,(empty-report)
DA:1,0
DA:2,0
DA:3,0
LF:3
LH:0
BRDA:1,0,0,0
BRF:1
BRH:0
end_of_record
